<?xml version="1.0" encoding="UTF-8"?>
<testsuite name="com.mindcup.backend.domain.comfort.service.ComfortServiceTest" tests="5" skipped="0" failures="0" errors="0" timestamp="2026-08-01T15:33:32" hostname="JIEUN" time="0.335">
  <properties/>
  <testcase name="testNonFriendAccessDenied()" classname="com.mindcup.backend.domain.comfort.service.ComfortServiceTest" time="0.033"/>
  <testcase name="testSendLimitUpperBoundary()" classname="com.mindcup.backend.domain.comfort.service.ComfortServiceTest" time="0.151"/>
  <testcase name="testPourLimitExceededAndNStatePreserved()" classname="com.mindcup.backend.domain.comfort.service.ComfortServiceTest" time="0.038"/>
  <testcase name="testDuplicateComfortMessagePrevented()" classname="com.mindcup.backend.domain.comfort.service.ComfortServiceTest" time="0.052"/>
  <testcase name="testPrivacyMaskingByVisibilityLevel()" classname="com.mindcup.backend.domain.comfort.service.ComfortServiceTest" time="0.057"/>
  <system-out><![CDATA[2026-08-02T00:33:32.366+09:00  INFO 14828 --- [    Test worker] t.c.s.AnnotationConfigContextLoaderUtils : Could not detect default configuration classes for test class [com.mindcup.backend.domain.comfort.service.ComfortServiceTest]: ComfortServiceTest does not declare any static, non-private, non-final, nested classes annotated with @Configuration.
2026-08-02T00:33:32.420+09:00  INFO 14828 --- [    Test worker] .b.t.c.SpringBootTestContextBootstrapper : Found @SpringBootConfiguration com.mindcup.backend.BackendApplication for test class com.mindcup.backend.domain.comfort.service.ComfortServiceTest
Hibernate: 
    select
        count(*) 
    from
        world_levels wl1_0
Hibernate: 
    insert 
    into
        world_levels
        (required_average_clarity_score, sort_order, use_yn, world_level_code, world_level_name_key, world_level_id) 
    values
        (?, ?, ?, ?, ?, default)
Hibernate: 
    insert 
    into
        world_levels
        (required_average_clarity_score, sort_order, use_yn, world_level_code, world_level_name_key, world_level_id) 
    values
        (?, ?, ?, ?, ?, default)
Hibernate: 
    insert 
    into
        users
        (email, friend_code, is_status_public, language_setting, nickname, password, provider, provider_id, refresh_token, unlocked_world_level, user_id) 
    values
        (?, ?, ?, ?, ?, ?, ?, ?, ?, ?, default)
Hibernate: 
    insert 
    into
        users
        (email, friend_code, is_status_public, language_setting, nickname, password, provider, provider_id, refresh_token, unlocked_world_level, user_id) 
    values
        (?, ?, ?, ?, ?, ?, ?, ?, ?, ?, default)
Hibernate: 
    insert 
    into
        users
        (email, friend_code, is_status_public, language_setting, nickname, password, provider, provider_id, refresh_token, unlocked_world_level, user_id) 
    values
        (?, ?, ?, ?, ?, ?, ?, ?, ?, ?, default)
Hibernate: 
    insert 
    into
        comfort_message_templates
        (content_en, content_ko, created_at, template_id) 
    values
        (?, ?, ?, default)
Hibernate: 
    select
        f1_0.friend_id,
        f1_0.blocked_at,
        f1_0.blocked_by_user_id,
        f1_0.created_at,
        f1_0.status,
        f1_0.target_user_id,
        f1_0.updated_at,
        f1_0.user_id 
    from
        friends f1_0 
    where
        (
            f1_0.user_id=? 
            and f1_0.target_user_id=?
        ) 
        or (
            f1_0.user_id=? 
            and f1_0.target_user_id=?
        )
Hibernate: 
    select
        count(*) 
    from
        world_levels wl1_0
Hibernate: 
    insert 
    into
        world_levels
        (required_average_clarity_score, sort_order, use_yn, world_level_code, world_level_name_key, world_level_id) 
    values
        (?, ?, ?, ?, ?, default)
Hibernate: 
    insert 
    into
        world_levels
        (required_average_clarity_score, sort_order, use_yn, world_level_code, world_level_name_key, world_level_id) 
    values
        (?, ?, ?, ?, ?, default)
Hibernate: 
    insert 
    into
        users
        (email, friend_code, is_status_public, language_setting, nickname, password, provider, provider_id, refresh_token, unlocked_world_level, user_id) 
    values
        (?, ?, ?, ?, ?, ?, ?, ?, ?, ?, default)
Hibernate: 
    insert 
    into
        users
        (email, friend_code, is_status_public, language_setting, nickname, password, provider, provider_id, refresh_token, unlocked_world_level, user_id) 
    values
        (?, ?, ?, ?, ?, ?, ?, ?, ?, ?, default)
Hibernate: 
    insert 
    into
        users
        (email, friend_code, is_status_public, language_setting, nickname, password, provider, provider_id, refresh_token, unlocked_world_level, user_id) 
    values
        (?, ?, ?, ?, ?, ?, ?, ?, ?, ?, default)
Hibernate: 
    insert 
    into
        comfort_message_templates
        (content_en, content_ko, created_at, template_id) 
    values
        (?, ?, ?, default)
Hibernate: 
    insert 
    into
        friends
        (blocked_at, blocked_by_user_id, created_at, status, target_user_id, updated_at, user_id, friend_id) 
    values
        (?, ?, ?, ?, ?, ?, ?, default)
Hibernate: 
    insert 
    into
        friends
        (blocked_at, blocked_by_user_id, created_at, status, target_user_id, updated_at, user_id, friend_id) 
    values
        (?, ?, ?, ?, ?, ?, ?, default)
Hibernate: 
    insert 
    into
        daily_cups
        (active_world_level, clarity_score, pollution_score, record_date, today_poured_drop_points, today_sent_drop_points, user_id, cup_id) 
    values
        (?, ?, ?, ?, ?, ?, ?, default)
Hibernate: 
    select
        f1_0.friend_id,
        f1_0.blocked_at,
        f1_0.blocked_by_user_id,
        f1_0.created_at,
        f1_0.status,
        f1_0.target_user_id,
        f1_0.updated_at,
        f1_0.user_id 
    from
        friends f1_0 
    where
        (
            f1_0.user_id=? 
            and f1_0.target_user_id=?
        ) 
        or (
            f1_0.user_id=? 
            and f1_0.target_user_id=?
        )
Hibernate: 
    select
        case 
            when count(f1_0.friend_id)>0 
                then true 
            else false 
    end 
from
    friends f1_0 
where
    (
        (
            f1_0.user_id=? 
            and f1_0.target_user_id=?
        ) 
        or (
            f1_0.user_id=? 
            and f1_0.target_user_id=?
        )
    ) 
    and f1_0.status='BLOCKED'
Hibernate: 
    select
        cm1_0.comfort_id 
    from
        comfort_messages cm1_0 
    where
        cm1_0.sender_user_id=? 
        and cm1_0.receiver_user_id=? 
        and cm1_0.sent_date=? 
    fetch
        first ? rows only
Hibernate: 
    select
        coalesce(sum(msel1_0.effect_score), 0) 
    from
        mind_score_effect_logs msel1_0 
    where
        msel1_0.user_id=? 
        and msel1_0.effect_date=? 
        and msel1_0.source_type=? 
        and msel1_0.limit_exceeded_yn='N'
Hibernate: 
    select
        dc1_0.cup_id,
        dc1_0.active_world_level,
        dc1_0.clarity_score,
        dc1_0.pollution_score,
        dc1_0.record_date,
        dc1_0.today_poured_drop_points,
        dc1_0.today_sent_drop_points,
        dc1_0.user_id 
    from
        daily_cups dc1_0 
    where
        dc1_0.user_id=? 
        and dc1_0.record_date=?
Hibernate: 
    insert 
    into
        comfort_messages
        (created_at, poured_at, poured_yn, read_yn, receiver_effect_score, receiver_user_id, sender_effect_score, sender_user_id, sent_date, template_id, comfort_id) 
    values
        (?, ?, ?, ?, ?, ?, ?, ?, ?, ?, default)
Hibernate: 
    insert 
    into
        mind_score_effect_logs
        (created_at, effect_date, effect_score, limit_exceeded_yn, source_id, source_type, user_id, log_id) 
    values
        (?, ?, ?, ?, ?, ?, ?, default)
Hibernate: 
    update
        daily_cups 
    set
        active_world_level=?,
        clarity_score=?,
        pollution_score=?,
        record_date=?,
        today_poured_drop_points=?,
        today_sent_drop_points=?,
        user_id=? 
    where
        cup_id=?
Hibernate: 
    select
        dc1_0.cup_id,
        dc1_0.active_world_level,
        dc1_0.clarity_score,
        dc1_0.pollution_score,
        dc1_0.record_date,
        dc1_0.today_poured_drop_points,
        dc1_0.today_sent_drop_points,
        dc1_0.user_id 
    from
        daily_cups dc1_0 
    where
        dc1_0.user_id=? 
        and dc1_0.record_date between ? and ? 
    order by
        dc1_0.record_date
Hibernate: 
    select
        wl1_0.world_level_id,
        wl1_0.required_average_clarity_score,
        wl1_0.sort_order,
        wl1_0.use_yn,
        wl1_0.world_level_code,
        wl1_0.world_level_name_key 
    from
        world_levels wl1_0
Hibernate: 
    select
        uw1_0.user_world_id,
        uw1_0.calculated_world_level,
        uw1_0.created_at,
        uw1_0.display_world_level,
        uw1_0.last_calculated_clarity_score,
        uw1_0.unlocked_world_level,
        uw1_0.updated_at,
        uw1_0.user_id 
    from
        user_worlds uw1_0 
    where
        uw1_0.user_id=?
Hibernate: 
    insert 
    into
        user_worlds
        (calculated_world_level, created_at, display_world_level, last_calculated_clarity_score, unlocked_world_level, updated_at, user_id, user_world_id) 
    values
        (?, ?, ?, ?, ?, ?, ?, default)
Hibernate: 
    select
        ec1_0.creature_id,
        ec1_0.creature_code,
        ec1_0.creature_name_key,
        ec1_0.creature_type,
        ec1_0.default_visible_yn,
        ec1_0.sort_order,
        ec1_0.use_yn,
        ec1_0.world_level_code 
    from
        ecosystem_creatures ec1_0 
    where
        ec1_0.world_level_code=? 
        and ec1_0.use_yn=?
Hibernate: 
    select
        wi1_0.item_id,
        wi1_0.item_code,
        wi1_0.item_name_key,
        wi1_0.item_type,
        wi1_0.slot_type,
        wi1_0.sort_order,
        wi1_0.use_yn,
        wi1_0.world_level_code 
    from
        world_items wi1_0 
    where
        wi1_0.world_level_code=? 
        and wi1_0.use_yn=?
Hibernate: 
    select
        wl1_0.world_level_id,
        wl1_0.required_average_clarity_score,
        wl1_0.sort_order,
        wl1_0.use_yn,
        wl1_0.world_level_code,
        wl1_0.world_level_name_key 
    from
        world_levels wl1_0 
    where
        wl1_0.world_level_code=?
Hibernate: 
    select
        ec1_0.creature_id,
        ec1_0.creature_code,
        ec1_0.creature_name_key,
        ec1_0.creature_type,
        ec1_0.default_visible_yn,
        ec1_0.sort_order,
        ec1_0.use_yn,
        ec1_0.world_level_code 
    from
        ecosystem_creatures ec1_0 
    where
        ec1_0.world_level_code=? 
        and ec1_0.use_yn=?
Hibernate: 
    select
        wi1_0.item_id,
        wi1_0.item_code,
        wi1_0.item_name_key,
        wi1_0.item_type,
        wi1_0.slot_type,
        wi1_0.sort_order,
        wi1_0.use_yn,
        wi1_0.world_level_code 
    from
        world_items wi1_0 
    where
        wi1_0.world_level_code=? 
        and wi1_0.use_yn=?
Hibernate: 
    insert 
    into
        comfort_messages
        (created_at, poured_at, poured_yn, read_yn, receiver_effect_score, receiver_user_id, sender_effect_score, sender_user_id, sent_date, template_id, comfort_id) 
    values
        (?, ?, ?, ?, ?, ?, ?, ?, ?, ?, default)
Hibernate: 
    insert 
    into
        mind_score_effect_logs
        (created_at, effect_date, effect_score, limit_exceeded_yn, source_id, source_type, user_id, log_id) 
    values
        (?, ?, ?, ?, ?, ?, ?, default)
Hibernate: 
    insert 
    into
        comfort_messages
        (created_at, poured_at, poured_yn, read_yn, receiver_effect_score, receiver_user_id, sender_effect_score, sender_user_id, sent_date, template_id, comfort_id) 
    values
        (?, ?, ?, ?, ?, ?, ?, ?, ?, ?, default)
Hibernate: 
    insert 
    into
        mind_score_effect_logs
        (created_at, effect_date, effect_score, limit_exceeded_yn, source_id, source_type, user_id, log_id) 
    values
        (?, ?, ?, ?, ?, ?, ?, default)
Hibernate: 
    insert 
    into
        comfort_messages
        (created_at, poured_at, poured_yn, read_yn, receiver_effect_score, receiver_user_id, sender_effect_score, sender_user_id, sent_date, template_id, comfort_id) 
    values
        (?, ?, ?, ?, ?, ?, ?, ?, ?, ?, default)
Hibernate: 
    insert 
    into
        mind_score_effect_logs
        (created_at, effect_date, effect_score, limit_exceeded_yn, source_id, source_type, user_id, log_id) 
    values
        (?, ?, ?, ?, ?, ?, ?, default)
Hibernate: 
    insert 
    into
        comfort_messages
        (created_at, poured_at, poured_yn, read_yn, receiver_effect_score, receiver_user_id, sender_effect_score, sender_user_id, sent_date, template_id, comfort_id) 
    values
        (?, ?, ?, ?, ?, ?, ?, ?, ?, ?, default)
Hibernate: 
    insert 
    into
        mind_score_effect_logs
        (created_at, effect_date, effect_score, limit_exceeded_yn, source_id, source_type, user_id, log_id) 
    values
        (?, ?, ?, ?, ?, ?, ?, default)
Hibernate: 
    select
        f1_0.friend_id,
        f1_0.blocked_at,
        f1_0.blocked_by_user_id,
        f1_0.created_at,
        f1_0.status,
        f1_0.target_user_id,
        f1_0.updated_at,
        f1_0.user_id 
    from
        friends f1_0 
    where
        (
            f1_0.user_id=? 
            and f1_0.target_user_id=?
        ) 
        or (
            f1_0.user_id=? 
            and f1_0.target_user_id=?
        )
Hibernate: 
    select
        case 
            when count(f1_0.friend_id)>0 
                then true 
            else false 
    end 
from
    friends f1_0 
where
    (
        (
            f1_0.user_id=? 
            and f1_0.target_user_id=?
        ) 
        or (
            f1_0.user_id=? 
            and f1_0.target_user_id=?
        )
    ) 
    and f1_0.status='BLOCKED'
Hibernate: 
    select
        cm1_0.comfort_id 
    from
        comfort_messages cm1_0 
    where
        cm1_0.sender_user_id=? 
        and cm1_0.receiver_user_id=? 
        and cm1_0.sent_date=? 
    fetch
        first ? rows only
Hibernate: 
    select
        coalesce(sum(msel1_0.effect_score), 0) 
    from
        mind_score_effect_logs msel1_0 
    where
        msel1_0.user_id=? 
        and msel1_0.effect_date=? 
        and msel1_0.source_type=? 
        and msel1_0.limit_exceeded_yn='N'
Hibernate: 
    insert 
    into
        comfort_messages
        (created_at, poured_at, poured_yn, read_yn, receiver_effect_score, receiver_user_id, sender_effect_score, sender_user_id, sent_date, template_id, comfort_id) 
    values
        (?, ?, ?, ?, ?, ?, ?, ?, ?, ?, default)
Hibernate: 
    insert 
    into
        mind_score_effect_logs
        (created_at, effect_date, effect_score, limit_exceeded_yn, source_id, source_type, user_id, log_id) 
    values
        (?, ?, ?, ?, ?, ?, ?, default)
Hibernate: 
    select
        dc1_0.cup_id,
        dc1_0.active_world_level,
        dc1_0.clarity_score,
        dc1_0.pollution_score,
        dc1_0.record_date,
        dc1_0.today_poured_drop_points,
        dc1_0.today_sent_drop_points,
        dc1_0.user_id 
    from
        daily_cups dc1_0 
    where
        dc1_0.user_id=? 
        and dc1_0.record_date between ? and ? 
    order by
        dc1_0.record_date
Hibernate: 
    select
        wl1_0.world_level_id,
        wl1_0.required_average_clarity_score,
        wl1_0.sort_order,
        wl1_0.use_yn,
        wl1_0.world_level_code,
        wl1_0.world_level_name_key 
    from
        world_levels wl1_0
Hibernate: 
    update
        user_worlds 
    set
        calculated_world_level=?,
        display_world_level=?,
        last_calculated_clarity_score=?,
        unlocked_world_level=?,
        updated_at=?,
        user_id=? 
    where
        user_world_id=?
Hibernate: 
    select
        uw1_0.user_world_id,
        uw1_0.calculated_world_level,
        uw1_0.created_at,
        uw1_0.display_world_level,
        uw1_0.last_calculated_clarity_score,
        uw1_0.unlocked_world_level,
        uw1_0.updated_at,
        uw1_0.user_id 
    from
        user_worlds uw1_0 
    where
        uw1_0.user_id=?
Hibernate: 
    select
        wl1_0.world_level_id,
        wl1_0.required_average_clarity_score,
        wl1_0.sort_order,
        wl1_0.use_yn,
        wl1_0.world_level_code,
        wl1_0.world_level_name_key 
    from
        world_levels wl1_0 
    where
        wl1_0.world_level_code=?
Hibernate: 
    select
        count(*) 
    from
        world_levels wl1_0
Hibernate: 
    insert 
    into
        world_levels
        (required_average_clarity_score, sort_order, use_yn, world_level_code, world_level_name_key, world_level_id) 
    values
        (?, ?, ?, ?, ?, default)
Hibernate: 
    insert 
    into
        world_levels
        (required_average_clarity_score, sort_order, use_yn, world_level_code, world_level_name_key, world_level_id) 
    values
        (?, ?, ?, ?, ?, default)
Hibernate: 
    insert 
    into
        users
        (email, friend_code, is_status_public, language_setting, nickname, password, provider, provider_id, refresh_token, unlocked_world_level, user_id) 
    values
        (?, ?, ?, ?, ?, ?, ?, ?, ?, ?, default)
Hibernate: 
    insert 
    into
        users
        (email, friend_code, is_status_public, language_setting, nickname, password, provider, provider_id, refresh_token, unlocked_world_level, user_id) 
    values
        (?, ?, ?, ?, ?, ?, ?, ?, ?, ?, default)
Hibernate: 
    insert 
    into
        users
        (email, friend_code, is_status_public, language_setting, nickname, password, provider, provider_id, refresh_token, unlocked_world_level, user_id) 
    values
        (?, ?, ?, ?, ?, ?, ?, ?, ?, ?, default)
Hibernate: 
    insert 
    into
        comfort_message_templates
        (content_en, content_ko, created_at, template_id) 
    values
        (?, ?, ?, default)
Hibernate: 
    insert 
    into
        daily_cups
        (active_world_level, clarity_score, pollution_score, record_date, today_poured_drop_points, today_sent_drop_points, user_id, cup_id) 
    values
        (?, ?, ?, ?, ?, ?, ?, default)
Hibernate: 
    insert 
    into
        mind_score_effect_logs
        (created_at, effect_date, effect_score, limit_exceeded_yn, source_id, source_type, user_id, log_id) 
    values
        (?, ?, ?, ?, ?, ?, ?, default)
Hibernate: 
    insert 
    into
        mind_score_effect_logs
        (created_at, effect_date, effect_score, limit_exceeded_yn, source_id, source_type, user_id, log_id) 
    values
        (?, ?, ?, ?, ?, ?, ?, default)
Hibernate: 
    insert 
    into
        mind_score_effect_logs
        (created_at, effect_date, effect_score, limit_exceeded_yn, source_id, source_type, user_id, log_id) 
    values
        (?, ?, ?, ?, ?, ?, ?, default)
Hibernate: 
    insert 
    into
        mind_score_effect_logs
        (created_at, effect_date, effect_score, limit_exceeded_yn, source_id, source_type, user_id, log_id) 
    values
        (?, ?, ?, ?, ?, ?, ?, default)
Hibernate: 
    insert 
    into
        mind_score_effect_logs
        (created_at, effect_date, effect_score, limit_exceeded_yn, source_id, source_type, user_id, log_id) 
    values
        (?, ?, ?, ?, ?, ?, ?, default)
Hibernate: 
    insert 
    into
        comfort_messages
        (created_at, poured_at, poured_yn, read_yn, receiver_effect_score, receiver_user_id, sender_effect_score, sender_user_id, sent_date, template_id, comfort_id) 
    values
        (?, ?, ?, ?, ?, ?, ?, ?, ?, ?, default)
Hibernate: 
    select
        coalesce(sum(msel1_0.effect_score), 0) 
    from
        mind_score_effect_logs msel1_0 
    where
        msel1_0.user_id=? 
        and msel1_0.effect_date=? 
        and msel1_0.source_type=? 
        and msel1_0.limit_exceeded_yn='N'
Hibernate: 
    select
        count(*) 
    from
        world_levels wl1_0
Hibernate: 
    insert 
    into
        world_levels
        (required_average_clarity_score, sort_order, use_yn, world_level_code, world_level_name_key, world_level_id) 
    values
        (?, ?, ?, ?, ?, default)
Hibernate: 
    insert 
    into
        world_levels
        (required_average_clarity_score, sort_order, use_yn, world_level_code, world_level_name_key, world_level_id) 
    values
        (?, ?, ?, ?, ?, default)
Hibernate: 
    insert 
    into
        users
        (email, friend_code, is_status_public, language_setting, nickname, password, provider, provider_id, refresh_token, unlocked_world_level, user_id) 
    values
        (?, ?, ?, ?, ?, ?, ?, ?, ?, ?, default)
Hibernate: 
    insert 
    into
        users
        (email, friend_code, is_status_public, language_setting, nickname, password, provider, provider_id, refresh_token, unlocked_world_level, user_id) 
    values
        (?, ?, ?, ?, ?, ?, ?, ?, ?, ?, default)
Hibernate: 
    insert 
    into
        users
        (email, friend_code, is_status_public, language_setting, nickname, password, provider, provider_id, refresh_token, unlocked_world_level, user_id) 
    values
        (?, ?, ?, ?, ?, ?, ?, ?, ?, ?, default)
Hibernate: 
    insert 
    into
        comfort_message_templates
        (content_en, content_ko, created_at, template_id) 
    values
        (?, ?, ?, default)
Hibernate: 
    insert 
    into
        friends
        (blocked_at, blocked_by_user_id, created_at, status, target_user_id, updated_at, user_id, friend_id) 
    values
        (?, ?, ?, ?, ?, ?, ?, default)
Hibernate: 
    select
        f1_0.friend_id,
        f1_0.blocked_at,
        f1_0.blocked_by_user_id,
        f1_0.created_at,
        f1_0.status,
        f1_0.target_user_id,
        f1_0.updated_at,
        f1_0.user_id 
    from
        friends f1_0 
    where
        (
            f1_0.user_id=? 
            and f1_0.target_user_id=?
        ) 
        or (
            f1_0.user_id=? 
            and f1_0.target_user_id=?
        )
Hibernate: 
    select
        case 
            when count(f1_0.friend_id)>0 
                then true 
            else false 
    end 
from
    friends f1_0 
where
    (
        (
            f1_0.user_id=? 
            and f1_0.target_user_id=?
        ) 
        or (
            f1_0.user_id=? 
            and f1_0.target_user_id=?
        )
    ) 
    and f1_0.status='BLOCKED'
Hibernate: 
    select
        cm1_0.comfort_id 
    from
        comfort_messages cm1_0 
    where
        cm1_0.sender_user_id=? 
        and cm1_0.receiver_user_id=? 
        and cm1_0.sent_date=? 
    fetch
        first ? rows only
Hibernate: 
    select
        coalesce(sum(msel1_0.effect_score), 0) 
    from
        mind_score_effect_logs msel1_0 
    where
        msel1_0.user_id=? 
        and msel1_0.effect_date=? 
        and msel1_0.source_type=? 
        and msel1_0.limit_exceeded_yn='N'
Hibernate: 
    select
        dc1_0.cup_id,
        dc1_0.active_world_level,
        dc1_0.clarity_score,
        dc1_0.pollution_score,
        dc1_0.record_date,
        dc1_0.today_poured_drop_points,
        dc1_0.today_sent_drop_points,
        dc1_0.user_id 
    from
        daily_cups dc1_0 
    where
        dc1_0.user_id=? 
        and dc1_0.record_date=?
Hibernate: 
    insert 
    into
        daily_cups
        (active_world_level, clarity_score, pollution_score, record_date, today_poured_drop_points, today_sent_drop_points, user_id, cup_id) 
    values
        (?, ?, ?, ?, ?, ?, ?, default)
Hibernate: 
    insert 
    into
        comfort_messages
        (created_at, poured_at, poured_yn, read_yn, receiver_effect_score, receiver_user_id, sender_effect_score, sender_user_id, sent_date, template_id, comfort_id) 
    values
        (?, ?, ?, ?, ?, ?, ?, ?, ?, ?, default)
Hibernate: 
    insert 
    into
        mind_score_effect_logs
        (created_at, effect_date, effect_score, limit_exceeded_yn, source_id, source_type, user_id, log_id) 
    values
        (?, ?, ?, ?, ?, ?, ?, default)
Hibernate: 
    update
        daily_cups 
    set
        active_world_level=?,
        clarity_score=?,
        pollution_score=?,
        record_date=?,
        today_poured_drop_points=?,
        today_sent_drop_points=?,
        user_id=? 
    where
        cup_id=?
Hibernate: 
    select
        dc1_0.cup_id,
        dc1_0.active_world_level,
        dc1_0.clarity_score,
        dc1_0.pollution_score,
        dc1_0.record_date,
        dc1_0.today_poured_drop_points,
        dc1_0.today_sent_drop_points,
        dc1_0.user_id 
    from
        daily_cups dc1_0 
    where
        dc1_0.user_id=? 
        and dc1_0.record_date between ? and ? 
    order by
        dc1_0.record_date
Hibernate: 
    select
        wl1_0.world_level_id,
        wl1_0.required_average_clarity_score,
        wl1_0.sort_order,
        wl1_0.use_yn,
        wl1_0.world_level_code,
        wl1_0.world_level_name_key 
    from
        world_levels wl1_0
Hibernate: 
    select
        uw1_0.user_world_id,
        uw1_0.calculated_world_level,
        uw1_0.created_at,
        uw1_0.display_world_level,
        uw1_0.last_calculated_clarity_score,
        uw1_0.unlocked_world_level,
        uw1_0.updated_at,
        uw1_0.user_id 
    from
        user_worlds uw1_0 
    where
        uw1_0.user_id=?
Hibernate: 
    insert 
    into
        user_worlds
        (calculated_world_level, created_at, display_world_level, last_calculated_clarity_score, unlocked_world_level, updated_at, user_id, user_world_id) 
    values
        (?, ?, ?, ?, ?, ?, ?, default)
Hibernate: 
    select
        ec1_0.creature_id,
        ec1_0.creature_code,
        ec1_0.creature_name_key,
        ec1_0.creature_type,
        ec1_0.default_visible_yn,
        ec1_0.sort_order,
        ec1_0.use_yn,
        ec1_0.world_level_code 
    from
        ecosystem_creatures ec1_0 
    where
        ec1_0.world_level_code=? 
        and ec1_0.use_yn=?
Hibernate: 
    select
        wi1_0.item_id,
        wi1_0.item_code,
        wi1_0.item_name_key,
        wi1_0.item_type,
        wi1_0.slot_type,
        wi1_0.sort_order,
        wi1_0.use_yn,
        wi1_0.world_level_code 
    from
        world_items wi1_0 
    where
        wi1_0.world_level_code=? 
        and wi1_0.use_yn=?
Hibernate: 
    select
        wl1_0.world_level_id,
        wl1_0.required_average_clarity_score,
        wl1_0.sort_order,
        wl1_0.use_yn,
        wl1_0.world_level_code,
        wl1_0.world_level_name_key 
    from
        world_levels wl1_0 
    where
        wl1_0.world_level_code=?
Hibernate: 
    select
        ec1_0.creature_id,
        ec1_0.creature_code,
        ec1_0.creature_name_key,
        ec1_0.creature_type,
        ec1_0.default_visible_yn,
        ec1_0.sort_order,
        ec1_0.use_yn,
        ec1_0.world_level_code 
    from
        ecosystem_creatures ec1_0 
    where
        ec1_0.world_level_code=? 
        and ec1_0.use_yn=?
Hibernate: 
    select
        wi1_0.item_id,
        wi1_0.item_code,
        wi1_0.item_name_key,
        wi1_0.item_type,
        wi1_0.slot_type,
        wi1_0.sort_order,
        wi1_0.use_yn,
        wi1_0.world_level_code 
    from
        world_items wi1_0 
    where
        wi1_0.world_level_code=? 
        and wi1_0.use_yn=?
Hibernate: 
    select
        f1_0.friend_id,
        f1_0.blocked_at,
        f1_0.blocked_by_user_id,
        f1_0.created_at,
        f1_0.status,
        f1_0.target_user_id,
        f1_0.updated_at,
        f1_0.user_id 
    from
        friends f1_0 
    where
        (
            f1_0.user_id=? 
            and f1_0.target_user_id=?
        ) 
        or (
            f1_0.user_id=? 
            and f1_0.target_user_id=?
        )
Hibernate: 
    select
        case 
            when count(f1_0.friend_id)>0 
                then true 
            else false 
    end 
from
    friends f1_0 
where
    (
        (
            f1_0.user_id=? 
            and f1_0.target_user_id=?
        ) 
        or (
            f1_0.user_id=? 
            and f1_0.target_user_id=?
        )
    ) 
    and f1_0.status='BLOCKED'
Hibernate: 
    select
        cm1_0.comfort_id 
    from
        comfort_messages cm1_0 
    where
        cm1_0.sender_user_id=? 
        and cm1_0.receiver_user_id=? 
        and cm1_0.sent_date=? 
    fetch
        first ? rows only
Hibernate: 
    select
        count(*) 
    from
        world_levels wl1_0
Hibernate: 
    insert 
    into
        world_levels
        (required_average_clarity_score, sort_order, use_yn, world_level_code, world_level_name_key, world_level_id) 
    values
        (?, ?, ?, ?, ?, default)
Hibernate: 
    insert 
    into
        world_levels
        (required_average_clarity_score, sort_order, use_yn, world_level_code, world_level_name_key, world_level_id) 
    values
        (?, ?, ?, ?, ?, default)
Hibernate: 
    insert 
    into
        users
        (email, friend_code, is_status_public, language_setting, nickname, password, provider, provider_id, refresh_token, unlocked_world_level, user_id) 
    values
        (?, ?, ?, ?, ?, ?, ?, ?, ?, ?, default)
Hibernate: 
    insert 
    into
        users
        (email, friend_code, is_status_public, language_setting, nickname, password, provider, provider_id, refresh_token, unlocked_world_level, user_id) 
    values
        (?, ?, ?, ?, ?, ?, ?, ?, ?, ?, default)
Hibernate: 
    insert 
    into
        users
        (email, friend_code, is_status_public, language_setting, nickname, password, provider, provider_id, refresh_token, unlocked_world_level, user_id) 
    values
        (?, ?, ?, ?, ?, ?, ?, ?, ?, ?, default)
Hibernate: 
    insert 
    into
        comfort_message_templates
        (content_en, content_ko, created_at, template_id) 
    values
        (?, ?, ?, default)
Hibernate: 
    insert 
    into
        friends
        (blocked_at, blocked_by_user_id, created_at, status, target_user_id, updated_at, user_id, friend_id) 
    values
        (?, ?, ?, ?, ?, ?, ?, default)
Hibernate: 
    insert 
    into
        daily_cups
        (active_world_level, clarity_score, pollution_score, record_date, today_poured_drop_points, today_sent_drop_points, user_id, cup_id) 
    values
        (?, ?, ?, ?, ?, ?, ?, default)
Hibernate: 
    select
        ufs1_0.setting_id,
        ufs1_0.created_at,
        ufs1_0.user_id,
        ufs1_0.visibility_level 
    from
        user_friend_settings ufs1_0 
    where
        ufs1_0.user_id=?
Hibernate: 
    insert 
    into
        user_friend_settings
        (created_at, user_id, visibility_level, setting_id) 
    values
        (?, ?, ?, default)
Hibernate: 
    select
        f1_0.friend_id,
        f1_0.blocked_at,
        f1_0.blocked_by_user_id,
        f1_0.created_at,
        f1_0.status,
        f1_0.target_user_id,
        f1_0.updated_at,
        f1_0.user_id 
    from
        friends f1_0 
    where
        (
            f1_0.user_id=? 
            and f1_0.target_user_id=?
        ) 
        or (
            f1_0.user_id=? 
            and f1_0.target_user_id=?
        )
Hibernate: 
    select
        case 
            when count(f1_0.friend_id)>0 
                then true 
            else false 
    end 
from
    friends f1_0 
where
    (
        (
            f1_0.user_id=? 
            and f1_0.target_user_id=?
        ) 
        or (
            f1_0.user_id=? 
            and f1_0.target_user_id=?
        )
    ) 
    and f1_0.status='BLOCKED'
Hibernate: 
    select
        ufs1_0.setting_id,
        ufs1_0.created_at,
        ufs1_0.user_id,
        ufs1_0.visibility_level 
    from
        user_friend_settings ufs1_0 
    where
        ufs1_0.user_id=?
Hibernate: 
    select
        dc1_0.cup_id,
        dc1_0.active_world_level,
        dc1_0.clarity_score,
        dc1_0.pollution_score,
        dc1_0.record_date,
        dc1_0.today_poured_drop_points,
        dc1_0.today_sent_drop_points,
        dc1_0.user_id 
    from
        daily_cups dc1_0 
    where
        dc1_0.user_id=? 
        and dc1_0.record_date=?
Hibernate: 
    select
        cm1_0.comfort_id 
    from
        comfort_messages cm1_0 
    where
        cm1_0.sender_user_id=? 
        and cm1_0.receiver_user_id=? 
        and cm1_0.sent_date=? 
    fetch
        first ? rows only
Hibernate: 
    select
        ufs1_0.setting_id,
        ufs1_0.created_at,
        ufs1_0.user_id,
        ufs1_0.visibility_level 
    from
        user_friend_settings ufs1_0 
    where
        ufs1_0.user_id=?
Hibernate: 
    select
        f1_0.friend_id,
        f1_0.blocked_at,
        f1_0.blocked_by_user_id,
        f1_0.created_at,
        f1_0.status,
        f1_0.target_user_id,
        f1_0.updated_at,
        f1_0.user_id 
    from
        friends f1_0 
    where
        (
            f1_0.user_id=? 
            and f1_0.target_user_id=?
        ) 
        or (
            f1_0.user_id=? 
            and f1_0.target_user_id=?
        )
Hibernate: 
    select
        case 
            when count(f1_0.friend_id)>0 
                then true 
            else false 
    end 
from
    friends f1_0 
where
    (
        (
            f1_0.user_id=? 
            and f1_0.target_user_id=?
        ) 
        or (
            f1_0.user_id=? 
            and f1_0.target_user_id=?
        )
    ) 
    and f1_0.status='BLOCKED'
Hibernate: 
    update
        user_friend_settings 
    set
        user_id=?,
        visibility_level=? 
    where
        setting_id=?
Hibernate: 
    select
        ufs1_0.setting_id,
        ufs1_0.created_at,
        ufs1_0.user_id,
        ufs1_0.visibility_level 
    from
        user_friend_settings ufs1_0 
    where
        ufs1_0.user_id=?
Hibernate: 
    select
        dc1_0.cup_id,
        dc1_0.active_world_level,
        dc1_0.clarity_score,
        dc1_0.pollution_score,
        dc1_0.record_date,
        dc1_0.today_poured_drop_points,
        dc1_0.today_sent_drop_points,
        dc1_0.user_id 
    from
        daily_cups dc1_0 
    where
        dc1_0.user_id=? 
        and dc1_0.record_date=?
Hibernate: 
    select
        cm1_0.comfort_id 
    from
        comfort_messages cm1_0 
    where
        cm1_0.sender_user_id=? 
        and cm1_0.receiver_user_id=? 
        and cm1_0.sent_date=? 
    fetch
        first ? rows only
Hibernate: 
    select
        ufs1_0.setting_id,
        ufs1_0.created_at,
        ufs1_0.user_id,
        ufs1_0.visibility_level 
    from
        user_friend_settings ufs1_0 
    where
        ufs1_0.user_id=?
Hibernate: 
    select
        f1_0.friend_id,
        f1_0.blocked_at,
        f1_0.blocked_by_user_id,
        f1_0.created_at,
        f1_0.status,
        f1_0.target_user_id,
        f1_0.updated_at,
        f1_0.user_id 
    from
        friends f1_0 
    where
        (
            f1_0.user_id=? 
            and f1_0.target_user_id=?
        ) 
        or (
            f1_0.user_id=? 
            and f1_0.target_user_id=?
        )
Hibernate: 
    select
        case 
            when count(f1_0.friend_id)>0 
                then true 
            else false 
    end 
from
    friends f1_0 
where
    (
        (
            f1_0.user_id=? 
            and f1_0.target_user_id=?
        ) 
        or (
            f1_0.user_id=? 
            and f1_0.target_user_id=?
        )
    ) 
    and f1_0.status='BLOCKED'
Hibernate: 
    update
        user_friend_settings 
    set
        user_id=?,
        visibility_level=? 
    where
        setting_id=?
Hibernate: 
    select
        ufs1_0.setting_id,
        ufs1_0.created_at,
        ufs1_0.user_id,
        ufs1_0.visibility_level 
    from
        user_friend_settings ufs1_0 
    where
        ufs1_0.user_id=?
Hibernate: 
    select
        dc1_0.cup_id,
        dc1_0.active_world_level,
        dc1_0.clarity_score,
        dc1_0.pollution_score,
        dc1_0.record_date,
        dc1_0.today_poured_drop_points,
        dc1_0.today_sent_drop_points,
        dc1_0.user_id 
    from
        daily_cups dc1_0 
    where
        dc1_0.user_id=? 
        and dc1_0.record_date=?
Hibernate: 
    select
        cm1_0.comfort_id 
    from
        comfort_messages cm1_0 
    where
        cm1_0.sender_user_id=? 
        and cm1_0.receiver_user_id=? 
        and cm1_0.sent_date=? 
    fetch
        first ? rows only
]]></system-out>
  <system-err><![CDATA[]]></system-err>
</testsuite>
